build/app/outputs/mapping/r8/release/mapping.txt
# compiler: R8
# compiler_version: 1.3.54
# min_api: 16
com.google.codelab.photos.sharing.MainActivity -> com.google.codelab.photos.sharing.MainActivity:
    1:1:void <init>():23:23 -> <init>
    1:2:void onCreate(android.os.Bundle):26:27 -> onCreate
...
com.google.android.gms.dynamite.zze -> com.google.android.gms.dynamite.e:
    1:1:void <init>():1:1 -> <init>
com.google.android.gms.dynamite.zzf -> com.google.android.gms.dynamite.f:
    1:1:void <init>():1:1 -> <init>
com.google.android.gms.dynamite.zzg -> com.google.android.gms.dynamite.g:
    1:1:void <init>():1:1 -> <init>
com.google.android.gms.internal.auth-api.zzc -> c.a.a.a.d.a.a:
    android.os.IBinder zzc -> a
    java.lang.String zzd -> b
    1:3:void <init>(android.os.IBinder,java.lang.String):1:3 -> <init>
    1:5:void transactAndReadExceptionReturnVoid(int,android.os.Parcel):9:13 -> a
    6:7:void transactAndReadExceptionReturnVoid(int,android.os.Parcel):15:16 -> a
    1:1:android.os.IBinder asBinder():5:5 -> asBinder
    1:2:android.os.Parcel obtainAndWriteInterfaceToken():6:7 -> h
com.google.android.gms.internal.auth-api.zzd -> c.a.a.a.d.a.b:
    1:2:void <init>(java.lang.String):1:2 -> <init>
    boolean dispatchTransaction(int,android.os.Parcel,android.os.Parcel,int) -> a
    1:2:boolean onTransact(int,android.os.Parcel,android.os.Parcel,int):7:8 -> onTransact
    3:3:boolean onTransact(int,android.os.Parcel,android.os.Parcel,int):12:12 -> onTransact
com.google.android.gms.internal.auth-api.zze -> c.a.a.a.d.a.c:
    java.lang.ClassLoader zzf -> a
    1:1:void <clinit>():14:14 -> <clinit>
    1:1:void <init>():1:1 -> <init>
    1:1:android.os.Parcelable zzc(android.os.Parcel,android.os.Parcelable$Creator):2:2 -> a
    2:2:android.os.Parcelable zzc(android.os.Parcel,android.os.Parcelable$Creator):4:4 -> a
    3:5:void zzc(android.os.Parcel,android.os.Parcelable):6:8 -> a
    6:7:void zzc(android.os.Parcel,android.os.IInterface):11:12 -> a
com.google.android.gms.internal.auth-api.zzi -> c.a.a.a.d.a.d:
    1:1:void <init>():1:1 -> <init>
com.google.android.gms.internal.auth-api.zzr -> c.a.a.a.d.a.e:
    com.google.android.gms.auth.api.Auth$AuthCredentialsOptions zzaq -> G
    1:2:void <init>(android.content.Context,android.os.Looper,com.google.android.gms.common.internal.ClientSettings,com.google.android.gms.auth.api.Auth$AuthCredentialsOptions,com.google.android.gms.common.api.GoogleApiClient$ConnectionCallbacks,com.google.android.gms.common.api.GoogleApiClient$OnConnectionFailedListener):1:2 -> <init>
    1:4:android.os.IInterface createServiceInterface(android.os.IBinder):13:16 -> a
    int getMinApkVersion() -> g
    1:1:android.os.Bundle getGetServiceRequestExtraArgs():6:6 -> q
    java.lang.String getServiceDescriptor() -> u
    java.lang.String getStartServiceAction() -> v
com.google.android.gms.internal.auth-api.zzw -> c.a.a.a.d.a.f:
com.google.android.gms.internal.auth-api.zzx -> c.a.a.a.d.a.g:
    1:1:void <init>(android.os.IBinder):1:1 -> <init>
com.google.android.gms.internal.auth.zza -> c.a.a.a.d.b.a:
    android.os.IBinder zza -> a
    java.lang.String zzb -> b
    1:3:void <init>(android.os.IBinder,java.lang.String):1:3 -> <init>
    1:4:android.os.Parcel transactAndReadException(int,android.os.Parcel):9:12 -> a
    5:7:android.os.Parcel transactAndReadException(int,android.os.Parcel):15:17 -> a
    1:1:android.os.IBinder asBinder():5:5 -> asBinder
    1:2:android.os.Parcel obtainAndWriteInterfaceToken():6:7 -> h